<?xml version="1.0" encoding="UTF-8"?>
<!-- Generated by org.testng.reporters.JUnitReportReporter -->
<testsuite name="actions.UserLoginTest" tests="4" time="0.000" ignored="0" failures="0" timestamp="05 Sep 2021 20:58:54 GMT" skipped="4" hostname="ISW-ENGR-AA9" errors="0">
  <testcase name="ValidUsernameInvalidPassword" time="0.000" classname="actions.UserLoginTest">
    <skipped/>
  </testcase> <!-- ValidUsernameInvalidPassword -->
  <testcase name="InValid5UsernamevalidPassword" time="0.000" classname="actions.UserLoginTest">
    <skipped/>
  </testcase> <!-- InValid5UsernamevalidPassword -->
  <testcase name="ValidUsernameValidPassword" time="0.000" classname="actions.UserLoginTest">
    <skipped/>
  </testcase> <!-- ValidUsernameValidPassword -->
  <testcase name="InValidUsernameInvalidPassword" time="0.000" classname="actions.UserLoginTest">
    <skipped/>
  </testcase> <!-- InValidUsernameInvalidPassword -->
</testsuite> <!-- actions.UserLoginTest -->
