<?xml version="1.0" encoding="UTF-8"?>
<!-- Generated by org.testng.reporters.JUnitReportReporter -->
<testsuite name="actions.PassportCreatAccountTestSuite" tests="10" time="0.025" ignored="0" failures="0" timestamp="05 Sep 2021 20:58:54 GMT" skipped="10" hostname="ISW-ENGR-AA9" errors="0">
  <testcase name="EmptyPassword" time="0.001" classname="actions.PassportCreatAccountTestSuite">
    <skipped/>
  </testcase> <!-- EmptyPassword -->
  <testcase name="CheckBoxCheck" time="0.000" classname="actions.PassportCreatAccountTestSuite">
    <skipped/>
  </testcase> <!-- CheckBoxCheck -->
  <testcase name="CreateUserCheck" time="0.000" classname="actions.PassportCreatAccountTestSuite">
    <skipped/>
  </testcase> <!-- CreateUserCheck -->
  <testcase name="InvalidMobileCheck" time="0.001" classname="actions.PassportCreatAccountTestSuite">
    <skipped/>
  </testcase> <!-- InvalidMobileCheck -->
  <testcase name="EmptyFirstNameCheck" time="0.000" classname="actions.PassportCreatAccountTestSuite">
    <skipped/>
  </testcase> <!-- EmptyFirstNameCheck -->
  <testcase name="MobileNumberAlreadyExistCheck" time="0.000" classname="actions.PassportCreatAccountTestSuite">
    <skipped/>
  </testcase> <!-- MobileNumberAlreadyExistCheck -->
  <testcase name="EmailAlreadyExistCheck" time="0.007" classname="actions.PassportCreatAccountTestSuite">
    <skipped/>
  </testcase> <!-- EmailAlreadyExistCheck -->
  <testcase name="EmptyLastNameCheck" time="0.015" classname="actions.PassportCreatAccountTestSuite">
    <skipped/>
  </testcase> <!-- EmptyLastNameCheck -->
  <testcase name="EmptyConfirmPasswordCheck" time="0.001" classname="actions.PassportCreatAccountTestSuite">
    <skipped/>
  </testcase> <!-- EmptyConfirmPasswordCheck -->
  <testcase name="PasswordMismatchCheck" time="0.000" classname="actions.PassportCreatAccountTestSuite">
    <skipped/>
  </testcase> <!-- PasswordMismatchCheck -->
</testsuite> <!-- actions.PassportCreatAccountTestSuite -->
