<?xml version="1.0" encoding="UTF-8"?>
<!-- Generated by org.testng.reporters.JUnitReportReporter -->
<testsuite name="actions.PassportAdminTestSuite" tests="4" time="0.001" ignored="0" failures="0" timestamp="05 Sep 2021 20:58:54 GMT" skipped="4" hostname="ISW-ENGR-AA9" errors="0">
  <testcase name="ValidUsernameInvalidPassword" time="0.001" classname="actions.PassportAdminTestSuite">
    <skipped/>
  </testcase> <!-- ValidUsernameInvalidPassword -->
  <testcase name="InValidUsernamevalidPassword" time="0.000" classname="actions.PassportAdminTestSuite">
    <skipped/>
  </testcase> <!-- InValidUsernamevalidPassword -->
  <testcase name="ValidUsernameValidPassword" time="0.000" classname="actions.PassportAdminTestSuite">
    <skipped/>
  </testcase> <!-- ValidUsernameValidPassword -->
  <testcase name="InValidUsernameInvalidPassword" time="0.000" classname="actions.PassportAdminTestSuite">
    <skipped/>
  </testcase> <!-- InValidUsernameInvalidPassword -->
</testsuite> <!-- actions.PassportAdminTestSuite -->
