<?xml version="1.0" encoding="UTF-8"?>
<!-- Generated by org.testng.reporters.JUnitReportReporter -->
<testsuite name="actions.PassportForgotPasswordTestSuite" tests="1" time="0.000" ignored="0" failures="0" timestamp="05 Sep 2021 20:58:54 GMT" skipped="1" hostname="ISW-ENGR-AA9" errors="0">
  <testcase name="ValidEmail" time="0.000" classname="actions.PassportForgotPasswordTestSuite">
    <skipped/>
  </testcase> <!-- ValidEmail -->
</testsuite> <!-- actions.PassportForgotPasswordTestSuite -->
