<?xml version="1.0" encoding="UTF-8"?>
<!-- Generated by org.testng.reporters.JUnitReportReporter -->
<testsuite name="actions.SandBoxCredentialsTestSuite" tests="1" time="22.631" ignored="0" failures="0" timestamp="06 Nov 2019 15:02:12 GMT" skipped="0" hostname="ISW-ENGR-AA9" errors="0">
  <testcase name="successfulLogin" time="22.631" classname="actions.SandBoxCredentialsTestSuite"/>
</testsuite> <!-- actions.SandBoxCredentialsTestSuite -->
