<?xml version="1.0" encoding="UTF-8"?>
<!-- Generated by org.testng.reporters.JUnitReportReporter -->
<testsuite name="actions.AwaitingApprovalMenuTest" tests="2" time="24.502" ignored="0" failures="0" timestamp="12 Oct 2021 21:48:19 GMT" skipped="0" hostname="ISW-ENGR-AA9" errors="0">
  <testcase name="TestHomePage" time="24.187" classname="actions.AwaitingApprovalMenuTest"/>
  <testcase name="InvalidUsernameValidPassword" time="0.315" classname="actions.AwaitingApprovalMenuTest"/>
</testsuite> <!-- actions.AwaitingApprovalMenuTest -->
