<?xml version="1.0" encoding="UTF-8"?>
<!-- Generated by org.testng.reporters.JUnitReportReporter -->
<testsuite name="actions.LoginTestSuite" tests="3" time="23.237" ignored="0" failures="0" timestamp="06 Nov 2019 15:02:12 GMT" skipped="0" hostname="ISW-ENGR-AA9" errors="0">
  <testcase name="successfulLogin" time="11.466" classname="actions.LoginTestSuite"/>
  <testcase name="validEmailAndInvalidPassword" time="2.612" classname="actions.LoginTestSuite"/>
  <testcase name="InvalidUsernameAndValidPassword" time="9.159" classname="actions.LoginTestSuite"/>
</testsuite> <!-- actions.LoginTestSuite -->
