<?xml version="1.0" encoding="UTF-8"?>
<!-- Generated by org.testng.reporters.JUnitReportReporter -->
<testsuite name="actions.UserLoginTest" tests="2" time="92.640" ignored="0" failures="0" timestamp="12 Oct 2021 21:48:19 GMT" skipped="0" hostname="ISW-ENGR-AA9" errors="0">
  <testcase name="TestHomePage" time="70.195" classname="actions.UserLoginTest"/>
  <testcase name="InvalidUsernameValidPassword" time="22.445" classname="actions.UserLoginTest"/>
</testsuite> <!-- actions.UserLoginTest -->
